  正在生成代码
  0 of 12 functions ( 0.0%) were compiled, the rest were copied from previous compilation.
    0 functions were new in current compilation
    0 functions had inline decision re-evaluated but remain unchanged
  已完成代码的生成
fltk.lib(case.obj) : warning LNK4099: 未找到 PDB“vc141.pdb”(使用“fltk.lib(case.obj)”或在“F:\CPP\FLTKhello\Release\vc141.pdb”中寻找)；正在链接对象，如同没有调试信息一样
fltk.lib(filename_list.obj) : warning LNK4099: 未找到 PDB“vc141.pdb”(使用“fltk.lib(filename_list.obj)”或在“F:\CPP\FLTKhello\Release\vc141.pdb”中寻找)；正在链接对象，如同没有调试信息一样
fltk.lib(filename_match.obj) : warning LNK4099: 未找到 PDB“vc141.pdb”(使用“fltk.lib(filename_match.obj)”或在“F:\CPP\FLTKhello\Release\vc141.pdb”中寻找)；正在链接对象，如同没有调试信息一样
fltk.lib(Fl.obj) : warning LNK4099: 未找到 PDB“vc141.pdb”(使用“fltk.lib(Fl.obj)”或在“F:\CPP\FLTKhello\Release\vc141.pdb”中寻找)；正在链接对象，如同没有调试信息一样
fltk.lib(Fl_abort.obj) : warning LNK4099: 未找到 PDB“vc141.pdb”(使用“fltk.lib(Fl_abort.obj)”或在“F:\CPP\FLTKhello\Release\vc141.pdb”中寻找)；正在链接对象，如同没有调试信息一样
fltk.lib(fl_arc.obj) : warning LNK4099: 未找到 PDB“vc141.pdb”(使用“fltk.lib(fl_arc.obj)”或在“F:\CPP\FLTKhello\Release\vc141.pdb”中寻找)；正在链接对象，如同没有调试信息一样
fltk.lib(fl_arci.obj) : warning LNK4099: 未找到 PDB“vc141.pdb”(使用“fltk.lib(fl_arci.obj)”或在“F:\CPP\FLTKhello\Release\vc141.pdb”中寻找)；正在链接对象，如同没有调试信息一样
fltk.lib(fl_ask.obj) : warning LNK4099: 未找到 PDB“vc141.pdb”(使用“fltk.lib(fl_ask.obj)”或在“F:\CPP\FLTKhello\Release\vc141.pdb”中寻找)；正在链接对象，如同没有调试信息一样
fltk.lib(Fl_Bitmap.obj) : warning LNK4099: 未找到 PDB“vc141.pdb”(使用“fltk.lib(Fl_Bitmap.obj)”或在“F:\CPP\FLTKhello\Release\vc141.pdb”中寻找)；正在链接对象，如同没有调试信息一样
fltk.lib(Fl_Box.obj) : warning LNK4099: 未找到 PDB“vc141.pdb”(使用“fltk.lib(Fl_Box.obj)”或在“F:\CPP\FLTKhello\Release\vc141.pdb”中寻找)；正在链接对象，如同没有调试信息一样
fltk.lib(fl_boxtype.obj) : warning LNK4099: 未找到 PDB“vc141.pdb”(使用“fltk.lib(fl_boxtype.obj)”或在“F:\CPP\FLTKhello\Release\vc141.pdb”中寻找)；正在链接对象，如同没有调试信息一样
fltk.lib(Fl_Button.obj) : warning LNK4099: 未找到 PDB“vc141.pdb”(使用“fltk.lib(Fl_Button.obj)”或在“F:\CPP\FLTKhello\Release\vc141.pdb”中寻找)；正在链接对象，如同没有调试信息一样
fltk.lib(fl_call_main.obj) : warning LNK4099: 未找到 PDB“vc141.pdb”(使用“fltk.lib(fl_call_main.obj)”或在“F:\CPP\FLTKhello\Release\vc141.pdb”中寻找)；正在链接对象，如同没有调试信息一样
fltk.lib(fl_color.obj) : warning LNK4099: 未找到 PDB“vc141.pdb”(使用“fltk.lib(fl_color.obj)”或在“F:\CPP\FLTKhello\Release\vc141.pdb”中寻找)；正在链接对象，如同没有调试信息一样
fltk.lib(Fl_compose.obj) : warning LNK4099: 未找到 PDB“vc141.pdb”(使用“fltk.lib(Fl_compose.obj)”或在“F:\CPP\FLTKhello\Release\vc141.pdb”中寻找)；正在链接对象，如同没有调试信息一样
fltk.lib(fl_cursor.obj) : warning LNK4099: 未找到 PDB“vc141.pdb”(使用“fltk.lib(fl_cursor.obj)”或在“F:\CPP\FLTKhello\Release\vc141.pdb”中寻找)；正在链接对象，如同没有调试信息一样
fltk.lib(fl_curve.obj) : warning LNK4099: 未找到 PDB“vc141.pdb”(使用“fltk.lib(fl_curve.obj)”或在“F:\CPP\FLTKhello\Release\vc141.pdb”中寻找)；正在链接对象，如同没有调试信息一样
fltk.lib(Fl_Device.obj) : warning LNK4099: 未找到 PDB“vc141.pdb”(使用“fltk.lib(Fl_Device.obj)”或在“F:\CPP\FLTKhello\Release\vc141.pdb”中寻找)；正在链接对象，如同没有调试信息一样
fltk.lib(fl_dnd.obj) : warning LNK4099: 未找到 PDB“vc141.pdb”(使用“fltk.lib(fl_dnd.obj)”或在“F:\CPP\FLTKhello\Release\vc141.pdb”中寻找)；正在链接对象，如同没有调试信息一样
fltk.lib(Fl_Double_Window.obj) : warning LNK4099: 未找到 PDB“vc141.pdb”(使用“fltk.lib(Fl_Double_Window.obj)”或在“F:\CPP\FLTKhello\Release\vc141.pdb”中寻找)；正在链接对象，如同没有调试信息一样
fltk.lib(fl_draw.obj) : warning LNK4099: 未找到 PDB“vc141.pdb”(使用“fltk.lib(fl_draw.obj)”或在“F:\CPP\FLTKhello\Release\vc141.pdb”中寻找)；正在链接对象，如同没有调试信息一样
fltk.lib(fl_draw_image.obj) : warning LNK4099: 未找到 PDB“vc141.pdb”(使用“fltk.lib(fl_draw_image.obj)”或在“F:\CPP\FLTKhello\Release\vc141.pdb”中寻找)；正在链接对象，如同没有调试信息一样
fltk.lib(fl_draw_pixmap.obj) : warning LNK4099: 未找到 PDB“vc141.pdb”(使用“fltk.lib(fl_draw_pixmap.obj)”或在“F:\CPP\FLTKhello\Release\vc141.pdb”中寻找)；正在链接对象，如同没有调试信息一样
fltk.lib(fl_font.obj) : warning LNK4099: 未找到 PDB“vc141.pdb”(使用“fltk.lib(fl_font.obj)”或在“F:\CPP\FLTKhello\Release\vc141.pdb”中寻找)；正在链接对象，如同没有调试信息一样
fltk.lib(Fl_get_system_colors.obj) : warning LNK4099: 未找到 PDB“vc141.pdb”(使用“fltk.lib(Fl_get_system_colors.obj)”或在“F:\CPP\FLTKhello\Release\vc141.pdb”中寻找)；正在链接对象，如同没有调试信息一样
fltk.lib(Fl_grab.obj) : warning LNK4099: 未找到 PDB“vc141.pdb”(使用“fltk.lib(Fl_grab.obj)”或在“F:\CPP\FLTKhello\Release\vc141.pdb”中寻找)；正在链接对象，如同没有调试信息一样
fltk.lib(Fl_Group.obj) : warning LNK4099: 未找到 PDB“vc141.pdb”(使用“fltk.lib(Fl_Group.obj)”或在“F:\CPP\FLTKhello\Release\vc141.pdb”中寻找)；正在链接对象，如同没有调试信息一样
fltk.lib(fl_gtk.obj) : warning LNK4099: 未找到 PDB“vc141.pdb”(使用“fltk.lib(fl_gtk.obj)”或在“F:\CPP\FLTKhello\Release\vc141.pdb”中寻找)；正在链接对象，如同没有调试信息一样
fltk.lib(fl_gleam.obj) : warning LNK4099: 未找到 PDB“vc141.pdb”(使用“fltk.lib(fl_gleam.obj)”或在“F:\CPP\FLTKhello\Release\vc141.pdb”中寻找)；正在链接对象，如同没有调试信息一样
fltk.lib(Fl_Image.obj) : warning LNK4099: 未找到 PDB“vc141.pdb”(使用“fltk.lib(Fl_Image.obj)”或在“F:\CPP\FLTKhello\Release\vc141.pdb”中寻找)；正在链接对象，如同没有调试信息一样
fltk.lib(Fl_Input.obj) : warning LNK4099: 未找到 PDB“vc141.pdb”(使用“fltk.lib(Fl_Input.obj)”或在“F:\CPP\FLTKhello\Release\vc141.pdb”中寻找)；正在链接对象，如同没有调试信息一样
fltk.lib(Fl_Input_.obj) : warning LNK4099: 未找到 PDB“vc141.pdb”(使用“fltk.lib(Fl_Input_.obj)”或在“F:\CPP\FLTKhello\Release\vc141.pdb”中寻找)；正在链接对象，如同没有调试信息一样
fltk.lib(fl_labeltype.obj) : warning LNK4099: 未找到 PDB“vc141.pdb”(使用“fltk.lib(fl_labeltype.obj)”或在“F:\CPP\FLTKhello\Release\vc141.pdb”中寻找)；正在链接对象，如同没有调试信息一样
fltk.lib(fl_line_style.obj) : warning LNK4099: 未找到 PDB“vc141.pdb”(使用“fltk.lib(fl_line_style.obj)”或在“F:\CPP\FLTKhello\Release\vc141.pdb”中寻找)；正在链接对象，如同没有调试信息一样
fltk.lib(Fl_lock.obj) : warning LNK4099: 未找到 PDB“vc141.pdb”(使用“fltk.lib(Fl_lock.obj)”或在“F:\CPP\FLTKhello\Release\vc141.pdb”中寻找)；正在链接对象，如同没有调试信息一样
fltk.lib(Fl_Menu.obj) : warning LNK4099: 未找到 PDB“vc141.pdb”(使用“fltk.lib(Fl_Menu.obj)”或在“F:\CPP\FLTKhello\Release\vc141.pdb”中寻找)；正在链接对象，如同没有调试信息一样
fltk.lib(Fl_Menu_.obj) : warning LNK4099: 未找到 PDB“vc141.pdb”(使用“fltk.lib(Fl_Menu_.obj)”或在“F:\CPP\FLTKhello\Release\vc141.pdb”中寻找)；正在链接对象，如同没有调试信息一样
fltk.lib(Fl_Menu_add.obj) : warning LNK4099: 未找到 PDB“vc141.pdb”(使用“fltk.lib(Fl_Menu_add.obj)”或在“F:\CPP\FLTKhello\Release\vc141.pdb”中寻找)；正在链接对象，如同没有调试信息一样
fltk.lib(Fl_Menu_Button.obj) : warning LNK4099: 未找到 PDB“vc141.pdb”(使用“fltk.lib(Fl_Menu_Button.obj)”或在“F:\CPP\FLTKhello\Release\vc141.pdb”中寻找)；正在链接对象，如同没有调试信息一样
fltk.lib(Fl_Menu_Window.obj) : warning LNK4099: 未找到 PDB“vc141.pdb”(使用“fltk.lib(Fl_Menu_Window.obj)”或在“F:\CPP\FLTKhello\Release\vc141.pdb”中寻找)；正在链接对象，如同没有调试信息一样
fltk.lib(Fl_Overlay_Window.obj) : warning LNK4099: 未找到 PDB“vc141.pdb”(使用“fltk.lib(Fl_Overlay_Window.obj)”或在“F:\CPP\FLTKhello\Release\vc141.pdb”中寻找)；正在链接对象，如同没有调试信息一样
fltk.lib(Fl_Pixmap.obj) : warning LNK4099: 未找到 PDB“vc141.pdb”(使用“fltk.lib(Fl_Pixmap.obj)”或在“F:\CPP\FLTKhello\Release\vc141.pdb”中寻找)；正在链接对象，如同没有调试信息一样
fltk.lib(fl_plastic.obj) : warning LNK4099: 未找到 PDB“vc141.pdb”(使用“fltk.lib(fl_plastic.obj)”或在“F:\CPP\FLTKhello\Release\vc141.pdb”中寻找)；正在链接对象，如同没有调试信息一样
fltk.lib(Fl_Preferences.obj) : warning LNK4099: 未找到 PDB“vc141.pdb”(使用“fltk.lib(Fl_Preferences.obj)”或在“F:\CPP\FLTKhello\Release\vc141.pdb”中寻找)；正在链接对象，如同没有调试信息一样
fltk.lib(fl_read_image.obj) : warning LNK4099: 未找到 PDB“vc141.pdb”(使用“fltk.lib(fl_read_image.obj)”或在“F:\CPP\FLTKhello\Release\vc141.pdb”中寻找)；正在链接对象，如同没有调试信息一样
fltk.lib(fl_rect.obj) : warning LNK4099: 未找到 PDB“vc141.pdb”(使用“fltk.lib(fl_rect.obj)”或在“F:\CPP\FLTKhello\Release\vc141.pdb”中寻找)；正在链接对象，如同没有调试信息一样
fltk.lib(Fl_Repeat_Button.obj) : warning LNK4099: 未找到 PDB“vc141.pdb”(使用“fltk.lib(Fl_Repeat_Button.obj)”或在“F:\CPP\FLTKhello\Release\vc141.pdb”中寻找)；正在链接对象，如同没有调试信息一样
fltk.lib(Fl_Return_Button.obj) : warning LNK4099: 未找到 PDB“vc141.pdb”(使用“fltk.lib(Fl_Return_Button.obj)”或在“F:\CPP\FLTKhello\Release\vc141.pdb”中寻找)；正在链接对象，如同没有调试信息一样
fltk.lib(fl_round_box.obj) : warning LNK4099: 未找到 PDB“vc141.pdb”(使用“fltk.lib(fl_round_box.obj)”或在“F:\CPP\FLTKhello\Release\vc141.pdb”中寻找)；正在链接对象，如同没有调试信息一样
fltk.lib(fl_shortcut.obj) : warning LNK4099: 未找到 PDB“vc141.pdb”(使用“fltk.lib(fl_shortcut.obj)”或在“F:\CPP\FLTKhello\Release\vc141.pdb”中寻找)；正在链接对象，如同没有调试信息一样
fltk.lib(Fl_Single_Window.obj) : warning LNK4099: 未找到 PDB“vc141.pdb”(使用“fltk.lib(Fl_Single_Window.obj)”或在“F:\CPP\FLTKhello\Release\vc141.pdb”中寻找)；正在链接对象，如同没有调试信息一样
fltk.lib(fl_symbols.obj) : warning LNK4099: 未找到 PDB“vc141.pdb”(使用“fltk.lib(fl_symbols.obj)”或在“F:\CPP\FLTKhello\Release\vc141.pdb”中寻找)；正在链接对象，如同没有调试信息一样
fltk.lib(Fl_Tiled_Image.obj) : warning LNK4099: 未找到 PDB“vc141.pdb”(使用“fltk.lib(Fl_Tiled_Image.obj)”或在“F:\CPP\FLTKhello\Release\vc141.pdb”中寻找)；正在链接对象，如同没有调试信息一样
fltk.lib(Fl_Tooltip.obj) : warning LNK4099: 未找到 PDB“vc141.pdb”(使用“fltk.lib(Fl_Tooltip.obj)”或在“F:\CPP\FLTKhello\Release\vc141.pdb”中寻找)；正在链接对象，如同没有调试信息一样
fltk.lib(fl_utf.obj) : warning LNK4099: 未找到 PDB“vc141.pdb”(使用“fltk.lib(fl_utf.obj)”或在“F:\CPP\FLTKhello\Release\vc141.pdb”中寻找)；正在链接对象，如同没有调试信息一样
fltk.lib(fl_utf8.obj) : warning LNK4099: 未找到 PDB“vc141.pdb”(使用“fltk.lib(fl_utf8.obj)”或在“F:\CPP\FLTKhello\Release\vc141.pdb”中寻找)；正在链接对象，如同没有调试信息一样
fltk.lib(fl_vertex.obj) : warning LNK4099: 未找到 PDB“vc141.pdb”(使用“fltk.lib(fl_vertex.obj)”或在“F:\CPP\FLTKhello\Release\vc141.pdb”中寻找)；正在链接对象，如同没有调试信息一样
fltk.lib(Fl_Widget.obj) : warning LNK4099: 未找到 PDB“vc141.pdb”(使用“fltk.lib(Fl_Widget.obj)”或在“F:\CPP\FLTKhello\Release\vc141.pdb”中寻找)；正在链接对象，如同没有调试信息一样
fltk.lib(Fl_Window.obj) : warning LNK4099: 未找到 PDB“vc141.pdb”(使用“fltk.lib(Fl_Window.obj)”或在“F:\CPP\FLTKhello\Release\vc141.pdb”中寻找)；正在链接对象，如同没有调试信息一样
fltk.lib(Fl_Window_fullscreen.obj) : warning LNK4099: 未找到 PDB“vc141.pdb”(使用“fltk.lib(Fl_Window_fullscreen.obj)”或在“F:\CPP\FLTKhello\Release\vc141.pdb”中寻找)；正在链接对象，如同没有调试信息一样
fltk.lib(Fl_Window_hotspot.obj) : warning LNK4099: 未找到 PDB“vc141.pdb”(使用“fltk.lib(Fl_Window_hotspot.obj)”或在“F:\CPP\FLTKhello\Release\vc141.pdb”中寻找)；正在链接对象，如同没有调试信息一样
fltk.lib(Fl_Window_shape.obj) : warning LNK4099: 未找到 PDB“vc141.pdb”(使用“fltk.lib(Fl_Window_shape.obj)”或在“F:\CPP\FLTKhello\Release\vc141.pdb”中寻找)；正在链接对象，如同没有调试信息一样
fltk.lib(flstring.obj) : warning LNK4099: 未找到 PDB“vc141.pdb”(使用“fltk.lib(flstring.obj)”或在“F:\CPP\FLTKhello\Release\vc141.pdb”中寻找)；正在链接对象，如同没有调试信息一样
fltk.lib(is_spacing.obj) : warning LNK4099: 未找到 PDB“vc141.pdb”(使用“fltk.lib(is_spacing.obj)”或在“F:\CPP\FLTKhello\Release\vc141.pdb”中寻找)；正在链接对象，如同没有调试信息一样
fltk.lib(numericsort.obj) : warning LNK4099: 未找到 PDB“vc141.pdb”(使用“fltk.lib(numericsort.obj)”或在“F:\CPP\FLTKhello\Release\vc141.pdb”中寻找)；正在链接对象，如同没有调试信息一样
fltk.lib(scandir.obj) : warning LNK4099: 未找到 PDB“vc141.pdb”(使用“fltk.lib(scandir.obj)”或在“F:\CPP\FLTKhello\Release\vc141.pdb”中寻找)；正在链接对象，如同没有调试信息一样
fltk.lib(screen_xywh.obj) : warning LNK4099: 未找到 PDB“vc141.pdb”(使用“fltk.lib(screen_xywh.obj)”或在“F:\CPP\FLTKhello\Release\vc141.pdb”中寻找)；正在链接对象，如同没有调试信息一样
fltk.lib(vsnprintf.obj) : warning LNK4099: 未找到 PDB“vc141.pdb”(使用“fltk.lib(vsnprintf.obj)”或在“F:\CPP\FLTKhello\Release\vc141.pdb”中寻找)；正在链接对象，如同没有调试信息一样
  FLTKhello.vcxproj -> F:\CPP\FLTKhello\Release\FLTKhello.exe
